[22:52:44] [main/INFO] [LaunchWrapper]: Loading tweak class name net.minecraftforge.fml.common.launcher.FMLTweaker
[22:52:45] [main/INFO] [LaunchWrapper]: Using primary tweak class name net.minecraftforge.fml.common.launcher.FMLTweaker
[22:52:45] [main/INFO] [LaunchWrapper]: Calling tweak class net.minecraftforge.fml.common.launcher.FMLTweaker
[22:52:45] [main/INFO] [FML]: Forge Mod Loader version 14.23.5.2796 for Minecraft 1.12.2 loading
[22:52:45] [main/INFO] [FML]: Java is Java HotSpot(TM) 64-Bit Server VM, version 1.8.0_51, running on Windows 10:amd64:10.0, installed at C:\Program Files (x86)\Minecraft\runtime\jre-x64\1.8.0_51
[22:52:45] [main/INFO] [FML]: Searching D:\Minecraft\INumberOne\mods for mods
[22:52:45] [main/WARN] [FML]: The coremod micdoodle8.mods.miccore.MicdoodlePlugin does not have a MCVersion annotation, it may cause issues with this version of Minecraft
[22:52:45] [main/WARN] [FML]: The coremod MicdoodlePlugin (micdoodle8.mods.miccore.MicdoodlePlugin) is not signed!
[22:52:45] [main/INFO] [LaunchWrapper]: Loading tweak class name net.minecraftforge.fml.common.launcher.FMLInjectionAndSortingTweaker
[22:52:45] [main/INFO] [LaunchWrapper]: Loading tweak class name net.minecraftforge.fml.common.launcher.FMLDeobfTweaker
[22:52:45] [main/INFO] [LaunchWrapper]: Calling tweak class net.minecraftforge.fml.common.launcher.FMLInjectionAndSortingTweaker
[22:52:45] [main/INFO] [LaunchWrapper]: Calling tweak class net.minecraftforge.fml.common.launcher.FMLInjectionAndSortingTweaker
[22:52:45] [main/INFO] [LaunchWrapper]: Calling tweak class net.minecraftforge.fml.relauncher.CoreModManager$FMLPluginWrapper
[22:52:48] [main/INFO] [FML]: Found valid fingerprint for Minecraft Forge. Certificate fingerprint e3c3d50c7c986df74c645c0ac54639741c90a557
[22:52:48] [main/INFO] [FML]: Found valid fingerprint for Minecraft. Certificate fingerprint cd99959656f753dc28d863b46769f7f8fbaefcfc
[22:52:48] [main/INFO] [LaunchWrapper]: Calling tweak class net.minecraftforge.fml.relauncher.CoreModManager$FMLPluginWrapper
[22:52:48] [main/INFO] [LaunchWrapper]: Calling tweak class net.minecraftforge.fml.relauncher.CoreModManager$FMLPluginWrapper
[22:52:48] [main/INFO] [STDOUT]: [micdoodle8.mods.miccore.MicdoodlePlugin:getASMTransformerClass:99]: Successfully Registered Transformer
[22:52:49] [main/INFO] [STDOUT]: [micdoodle8.mods.miccore.MicdoodlePlugin:injectData:292]: [Micdoodle8Core]: Patching game...
[22:52:49] [main/INFO] [STDOUT]: [micdoodle8.mods.miccore.MicdoodlePlugin:injectData:292]: [Micdoodle8Core]: Patching game...
[22:52:49] [main/INFO] [LaunchWrapper]: Calling tweak class net.minecraftforge.fml.common.launcher.FMLDeobfTweaker
[22:52:50] [main/INFO] [LaunchWrapper]: Loading tweak class name net.minecraftforge.fml.common.launcher.TerminalTweaker
[22:52:50] [main/INFO] [LaunchWrapper]: Calling tweak class net.minecraftforge.fml.common.launcher.TerminalTweaker
[22:52:50] [main/INFO] [LaunchWrapper]: Launching wrapped minecraft {net.minecraft.client.main.Main}
[22:52:53] [Client thread/INFO] [net.minecraft.client.Minecraft]: Setting user: Rodik
[22:53:00] [Client thread/INFO] [net.minecraft.client.Minecraft]: LWJGL Version: 2.9.4
[22:53:01] [Client thread/INFO] [FML]: -- System Details --
Details:
	Minecraft Version: 1.12.2
	Operating System: Windows 10 (amd64) version 10.0
	Java Version: 1.8.0_51, Oracle Corporation
	Java VM Version: Java HotSpot(TM) 64-Bit Server VM (mixed mode), Oracle Corporation
	Memory: 551870776 bytes (526 MB) / 939524096 bytes (896 MB) up to 6442450944 bytes (6144 MB)
	JVM Flags: 8 total; -XX:HeapDumpPath=MojangTricksIntelDriversForPerformance_javaw.exe_minecraft.exe.heapdump -Xmx6G -XX:+UnlockExperimentalVMOptions -XX:+UseG1GC -XX:G1NewSizePercent=20 -XX:G1ReservePercent=20 -XX:MaxGCPauseMillis=50 -XX:G1HeapRegionSize=32M
	IntCache: cache: 0, tcache: 0, allocated: 0, tallocated: 0
	FML: 
	Loaded coremods (and transformers): 
MicdoodlePlugin (MicdoodleCore-1.12.2-4.0.1.184.jar)
  micdoodle8.mods.miccore.MicdoodleTransformer
	GL info: ' Vendor: 'NVIDIA Corporation' Version: '4.6.0 NVIDIA 417.22' Renderer: 'GeForce GTX 950M/PCIe/SSE2'
[22:53:01] [Client thread/INFO] [FML]: MinecraftForge v14.23.5.2796 Initialized
[22:53:01] [Client thread/INFO] [FML]: Starts to replace vanilla recipe ingredients with ore ingredients.
[22:53:01] [Client thread/INFO] [FML]: Replaced 1036 ore ingredients
[22:53:02] [Client thread/INFO] [FML]: Searching D:\Minecraft\INumberOne\mods for mods
[22:53:05] [Thread-3/INFO] [FML]: Using sync timing. 200 frames of Display.update took 802141776 nanos
[22:53:05] [Client thread/INFO] [FML]: Forge Mod Loader has identified 21 mods to load
[22:53:05] [Client thread/FATAL] [FML]: net.minecraftforge.fml.common.MissingModsException: Mod nei (Not Enough Items) requires [jei@[4.12.0.+.,), codechickenlib@[3.2.2,)]
[22:53:05] [Client thread/ERROR] [FML]: An exception was thrown, the game will display an error screen and halt.
net.minecraftforge.fml.common.MissingModsException: Mod nei (Not Enough Items) requires [jei@[4.12.0.+.,), codechickenlib@[3.2.2,)]
	at net.minecraftforge.fml.common.Loader.sortModList(Loader.java:264) ~[Loader.class:?]
	at net.minecraftforge.fml.common.Loader.loadMods(Loader.java:570) ~[Loader.class:?]
	at net.minecraftforge.fml.client.FMLClientHandler.beginMinecraftLoading(FMLClientHandler.java:232) [FMLClientHandler.class:?]
	at net.minecraft.client.Minecraft.func_71384_a(Minecraft.java:467) [bib.class:?]
	at net.minecraft.client.Minecraft.func_99999_d(Minecraft.java:378) [bib.class:?]
	at net.minecraft.client.main.Main.main(SourceFile:123) [Main.class:?]
	at sun.reflect.NativeMethodAccessorImpl.invoke0(Native Method) ~[?:1.8.0_51]
	at sun.reflect.NativeMethodAccessorImpl.invoke(NativeMethodAccessorImpl.java:62) ~[?:1.8.0_51]
	at sun.reflect.DelegatingMethodAccessorImpl.invoke(DelegatingMethodAccessorImpl.java:43) ~[?:1.8.0_51]
	at java.lang.reflect.Method.invoke(Method.java:497) ~[?:1.8.0_51]
	at net.minecraft.launchwrapper.Launch.launch(Launch.java:135) [launchwrapper-1.12.jar:?]
	at net.minecraft.launchwrapper.Launch.main(Launch.java:28) [launchwrapper-1.12.jar:?]
[22:53:05] [Client thread/WARN] [FML]: EventBus 0 shutting down - future events will not be posted.
[22:53:05] [Client thread/INFO] [net.minecraft.client.resources.SimpleReloadableResourceManager]: Reloading ResourceManager: Default, FMLFileResourcePack:Forge Mod Loader, FMLFileResourcePack:Minecraft Forge, FMLFileResourcePack:Advanced Solar Panels, FMLFileResourcePack:Applied Energistics 2, FMLFileResourcePack:BC Builders, FMLFileResourcePack:BuildCraft, FMLFileResourcePack:BC Energy, FMLFileResourcePack:BC Factory, FMLFileResourcePack:BuildCraft Lib, FMLFileResourcePack:BC Robotics, FMLFileResourcePack:BC Silicon, FMLFileResourcePack:BC Transport, FMLFileResourcePack:Galacticraft Planets, FMLFileResourcePack:Galacticraft Core, FMLFileResourcePack:IndustrialCraft 2, FMLFileResourcePack:JourneyMap, FMLFileResourcePack:Not Enough Items, FMLFileResourcePack:Tree Chopper
[22:53:06] [Client thread/WARN] [FML]: There were errors previously. Not beginning mod initialization phase
[22:53:14] [Sound Library Loader/INFO] [net.minecraft.client.audio.SoundManager]: Starting up SoundSystem...
[22:53:14] [Thread-5/INFO] [net.minecraft.client.audio.SoundManager]: Initializing LWJGL OpenAL
[22:53:14] [Thread-5/INFO] [net.minecraft.client.audio.SoundManager]: (The LWJGL binding of OpenAL.  For more information, see http://www.lwjgl.org)
[22:53:14] [Thread-5/INFO] [net.minecraft.client.audio.SoundManager]: OpenAL initialized.
[22:53:15] [Sound Library Loader/INFO] [net.minecraft.client.audio.SoundManager]: Sound engine started
[22:53:15] [Client thread/INFO] [com.mojang.text2speech.NarratorWindows]: Narrator library for x64 successfully loaded
[22:57:00] [Client thread/INFO] [net.minecraft.client.Minecraft]: Stopping!
[22:57:00] [Client thread/INFO] [net.minecraft.client.audio.SoundManager]: SoundSystem shutting down...
[22:57:00] [Client thread/WARN] [net.minecraft.client.audio.SoundManager]: Author: Paul Lamb, www.paulscode.com
